[Fri, 29 Mar 2013 22:47:17 GMT] INFO Server starting with config: {
  "environment": "development",
  "workers": 1,
  "port": 4000,
  "spdy": null,
  "ssl": null,
  "debug": true,
  "rotateWorkers": false,
  "rotationWindow": 7200000,
  "rotationTimeout": 300000,
  "logDir": "/Users/nikki/work/ikenga/log",
  "gracefulShutdownTimeout": 30000,
  "heartbeatInterval": 5000,
  "heartbeatWindow": 20000,
  "staticFilePath": "/Users/nikki/work/ikenga/public",
  "sessions": {
    "store": "memory",
    "key": "sid",
    "expiry": 1209600
  },
  "cookieSessionKey": "sdata",
  "metrics": null,
  "i18n": {
    "defaultLocale": "en-us",
    "loadPaths": [
      "/Users/nikki/work/ikenga/config/locales"
    ]
  },
  "hostname": null,
  "fullHostname": null,
  "connectCompatibility": false,
  "detailedErrors": true,
  "model": {
    "defaultAdapter": "mongo"
  },
  "db": {
    "mongo": {
      "dbname": "model_test"
    }
  },
  "passport": {
    "successRedirect": "/",
    "failureRedirect": "/login",
    "twitter": {
      "consumerKey": "XXXXX",
      "consumerSecret": "XXXXX"
    },
    "facebook": {
      "clientID": "XXXXX",
      "clientSecret": "XXXXX"
    },
    "yammer": {
      "clientID": "XXXXX",
      "clientSecret": "XXXXX"
    }
  },
  "secret": "Y42foHRZ2jMjLtMfN3gFMSVMc7HpOVwpIsBNJ4jzcChJuHyzyPO0h3gYYP5AMsWzaW1Iw568DQoOkVF6g2CnRMnzobBUxIXeZi2OXjabtYC9cYLCqo3AKfsOF3MAapEX"
}
[Fri, 29 Mar 2013 22:47:17 GMT] INFO Creating 1 worker process.
[Fri, 29 Mar 2013 22:47:17 GMT] INFO Server worker running in development on port 4000 with a PID of: 18705
[Fri, 29 Mar 2013 22:48:22 GMT] INFO Code changed, killing 18705, cycling ...
[Fri, 29 Mar 2013 22:48:22 GMT] INFO Creating 1 worker process.
[Fri, 29 Mar 2013 22:48:22 GMT] INFO Server worker running in development on port 4000 with a PID of: 19418
[Fri, 29 Mar 2013 22:48:32 GMT] INFO Code changed, killing 19418, cycling ...
[Fri, 29 Mar 2013 22:48:32 GMT] INFO Creating 1 worker process.
[Fri, 29 Mar 2013 22:48:32 GMT] INFO Server worker running in development on port 4000 with a PID of: 19479
[Fri, 29 Mar 2013 22:49:12 GMT] INFO Code changed, killing 19479, cycling ...
[Fri, 29 Mar 2013 22:49:12 GMT] INFO Creating 1 worker process.
[Fri, 29 Mar 2013 22:49:17 GMT] INFO Creating 1 worker process.
[Fri, 29 Mar 2013 22:49:17 GMT] INFO Server worker running in development on port 4000 with a PID of: 20071
[Fri, 29 Mar 2013 22:49:22 GMT] INFO Code changed, killing 20071, cycling ...
[Fri, 29 Mar 2013 22:49:22 GMT] INFO Creating 1 worker process.
[Fri, 29 Mar 2013 22:49:22 GMT] INFO Server worker running in development on port 4000 with a PID of: 20102
[Fri, 29 Mar 2013 22:49:57 GMT] INFO Creating 1 worker process.
[Fri, 29 Mar 2013 22:49:57 GMT] INFO Server worker running in development on port 4000 with a PID of: 20631
[Fri, 29 Mar 2013 22:50:12 GMT] INFO Code changed, killing 20631, cycling ...
[Fri, 29 Mar 2013 22:50:12 GMT] INFO Creating 1 worker process.
[Fri, 29 Mar 2013 22:50:12 GMT] INFO Server worker running in development on port 4000 with a PID of: 20722
[Fri, 29 Mar 2013 22:51:47 GMT] INFO Code changed, killing 20722, cycling ...
[Fri, 29 Mar 2013 22:51:47 GMT] INFO Creating 1 worker process.
[Fri, 29 Mar 2013 22:51:48 GMT] INFO Server worker running in development on port 4000 with a PID of: 21930
[Fri, 29 Mar 2013 22:51:52 GMT] INFO Code changed, killing 21930, cycling ...
[Fri, 29 Mar 2013 22:51:52 GMT] INFO Creating 1 worker process.
[Fri, 29 Mar 2013 22:51:53 GMT] INFO Server worker running in development on port 4000 with a PID of: 21961
[Fri, 29 Mar 2013 22:53:32 GMT] INFO Code changed, killing 21961, cycling ...
[Fri, 29 Mar 2013 22:53:32 GMT] INFO Creating 1 worker process.
[Fri, 29 Mar 2013 22:53:33 GMT] INFO Server worker running in development on port 4000 with a PID of: 22885
[Fri, 29 Mar 2013 22:53:37 GMT] INFO Code changed, killing 22885, cycling ...
[Fri, 29 Mar 2013 22:53:37 GMT] INFO Creating 1 worker process.
[Fri, 29 Mar 2013 22:53:38 GMT] INFO Server worker running in development on port 4000 with a PID of: 23234
[Fri, 29 Mar 2013 22:56:13 GMT] INFO Code changed, killing 23234, cycling ...
[Fri, 29 Mar 2013 22:56:13 GMT] INFO Creating 1 worker process.
[Fri, 29 Mar 2013 22:56:13 GMT] INFO Server worker running in development on port 4000 with a PID of: 24801
[Fri, 29 Mar 2013 22:56:18 GMT] INFO Code changed, killing 24801, cycling ...
[Fri, 29 Mar 2013 22:56:18 GMT] INFO Creating 1 worker process.
[Fri, 29 Mar 2013 22:56:18 GMT] INFO Server worker running in development on port 4000 with a PID of: 24832
[Fri, 29 Mar 2013 23:14:44 GMT] INFO Code changed, killing 24832, cycling ...
[Fri, 29 Mar 2013 23:14:44 GMT] INFO Creating 1 worker process.
[Fri, 29 Mar 2013 23:14:45 GMT] INFO Server worker running in development on port 4000 with a PID of: 37540
[Fri, 29 Mar 2013 23:16:14 GMT] INFO Code changed, killing 37540, cycling ...
[Fri, 29 Mar 2013 23:16:14 GMT] INFO Creating 1 worker process.
[Fri, 29 Mar 2013 23:16:15 GMT] INFO Server worker running in development on port 4000 with a PID of: 38406
[Sat, 30 Mar 2013 15:44:00 GMT] INFO Code changed, killing 38406, cycling ...
[Sat, 30 Mar 2013 15:44:00 GMT] INFO Creating 1 worker process.
[Sat, 30 Mar 2013 15:44:00 GMT] INFO Server worker running in development on port 4000 with a PID of: 32538
[Sat, 30 Mar 2013 15:44:10 GMT] INFO Code changed, killing 32538, cycling ...
[Sat, 30 Mar 2013 15:44:10 GMT] INFO Creating 1 worker process.
[Sat, 30 Mar 2013 15:44:10 GMT] INFO Server worker running in development on port 4000 with a PID of: 32598
