[Fri, 29 Mar 2013 22:28:21 GMT] INFO Server starting with config: {
  "environment": "development",
  "workers": 1,
  "port": 4000,
  "spdy": null,
  "ssl": null,
  "debug": true,
  "rotateWorkers": false,
  "rotationWindow": 7200000,
  "rotationTimeout": 300000,
  "logDir": "/Users/nikki/work/ikenga/log",
  "gracefulShutdownTimeout": 30000,
  "heartbeatInterval": 5000,
  "heartbeatWindow": 20000,
  "staticFilePath": "/Users/nikki/work/ikenga/public",
  "sessions": {
    "store": "memory",
    "key": "sid",
    "expiry": 1209600
  },
  "cookieSessionKey": "sdata",
  "metrics": null,
  "i18n": {
    "defaultLocale": "en-us",
    "loadPaths": [
      "/Users/nikki/work/ikenga/config/locales"
    ]
  },
  "hostname": null,
  "fullHostname": null,
  "connectCompatibility": false,
  "detailedErrors": true,
  "model": {
    "defaultAdapter": "mongo"
  },
  "db": {
    "mongo": {
      "dbname": "model_test"
    }
  },
  "passport": {
    "successRedirect": "/",
    "failureRedirect": "/login",
    "twitter": {
      "consumerKey": "XXXXX",
      "consumerSecret": "XXXXX"
    },
    "facebook": {
      "clientID": "XXXXX",
      "clientSecret": "XXXXX"
    },
    "yammer": {
      "clientID": "XXXXX",
      "clientSecret": "XXXXX"
    }
  },
  "secret": "Y42foHRZ2jMjLtMfN3gFMSVMc7HpOVwpIsBNJ4jzcChJuHyzyPO0h3gYYP5AMsWzaW1Iw568DQoOkVF6g2CnRMnzobBUxIXeZi2OXjabtYC9cYLCqo3AKfsOF3MAapEX"
}
[Fri, 29 Mar 2013 22:28:21 GMT] INFO Creating 1 worker process.
[Fri, 29 Mar 2013 22:28:21 GMT] INFO Server worker running in development on port 4000 with a PID of: 5770
[Fri, 29 Mar 2013 22:29:01 GMT] INFO Code changed, killing 5770, cycling ...
[Fri, 29 Mar 2013 22:29:01 GMT] INFO Creating 1 worker process.
[Fri, 29 Mar 2013 22:29:01 GMT] INFO Server worker running in development on port 4000 with a PID of: 6330
[Fri, 29 Mar 2013 22:37:17 GMT] INFO Code changed, killing 6330, cycling ...
[Fri, 29 Mar 2013 22:37:17 GMT] INFO Creating 1 worker process.
[Fri, 29 Mar 2013 22:37:17 GMT] INFO Server worker running in development on port 4000 with a PID of: 11863
[Fri, 29 Mar 2013 22:37:42 GMT] INFO Code changed, killing 11863, cycling ...
[Fri, 29 Mar 2013 22:37:42 GMT] INFO Creating 1 worker process.
[Fri, 29 Mar 2013 22:37:47 GMT] INFO Creating 1 worker process.
[Fri, 29 Mar 2013 22:38:07 GMT] INFO Creating 1 worker process.
[Fri, 29 Mar 2013 22:38:17 GMT] INFO Creating 1 worker process.
[Fri, 29 Mar 2013 22:38:37 GMT] INFO Creating 1 worker process.
