[Fri, 29 Mar 2013 22:39:52 GMT] INFO Server starting with config: {
  "environment": "development",
  "workers": 1,
  "port": 4000,
  "spdy": null,
  "ssl": null,
  "debug": true,
  "rotateWorkers": false,
  "rotationWindow": 7200000,
  "rotationTimeout": 300000,
  "logDir": "/Users/nikki/work/ikenga/log",
  "gracefulShutdownTimeout": 30000,
  "heartbeatInterval": 5000,
  "heartbeatWindow": 20000,
  "staticFilePath": "/Users/nikki/work/ikenga/public",
  "sessions": {
    "store": "memory",
    "key": "sid",
    "expiry": 1209600
  },
  "cookieSessionKey": "sdata",
  "metrics": null,
  "i18n": {
    "defaultLocale": "en-us",
    "loadPaths": [
      "/Users/nikki/work/ikenga/config/locales"
    ]
  },
  "hostname": null,
  "fullHostname": null,
  "connectCompatibility": false,
  "detailedErrors": true,
  "model": {
    "defaultAdapter": "mongo"
  },
  "db": {
    "mongo": {
      "dbname": "model_test"
    }
  },
  "passport": {
    "successRedirect": "/",
    "failureRedirect": "/login",
    "twitter": {
      "consumerKey": "XXXXX",
      "consumerSecret": "XXXXX"
    },
    "facebook": {
      "clientID": "XXXXX",
      "clientSecret": "XXXXX"
    },
    "yammer": {
      "clientID": "XXXXX",
      "clientSecret": "XXXXX"
    }
  },
  "secret": "Y42foHRZ2jMjLtMfN3gFMSVMc7HpOVwpIsBNJ4jzcChJuHyzyPO0h3gYYP5AMsWzaW1Iw568DQoOkVF6g2CnRMnzobBUxIXeZi2OXjabtYC9cYLCqo3AKfsOF3MAapEX"
}
[Fri, 29 Mar 2013 22:39:52 GMT] INFO Creating 1 worker process.
[Fri, 29 Mar 2013 22:40:07 GMT] INFO Creating 1 worker process.
[Fri, 29 Mar 2013 22:40:47 GMT] INFO Creating 1 worker process.
[Fri, 29 Mar 2013 22:40:57 GMT] INFO Creating 1 worker process.
[Fri, 29 Mar 2013 22:41:22 GMT] INFO Creating 1 worker process.
[Fri, 29 Mar 2013 22:41:22 GMT] INFO Server worker running in development on port 4000 with a PID of: 14645
[Fri, 29 Mar 2013 22:42:42 GMT] INFO Code changed, killing 14645, cycling ...
[Fri, 29 Mar 2013 22:42:42 GMT] INFO Creating 1 worker process.
[Fri, 29 Mar 2013 22:42:42 GMT] INFO Server worker running in development on port 4000 with a PID of: 15764
[Fri, 29 Mar 2013 22:42:47 GMT] INFO Code changed, killing 15764, cycling ...
[Fri, 29 Mar 2013 22:42:47 GMT] INFO Creating 1 worker process.
[Fri, 29 Mar 2013 22:42:47 GMT] INFO Server worker running in development on port 4000 with a PID of: 15795
[Fri, 29 Mar 2013 22:43:22 GMT] INFO Code changed, killing 15795, cycling ...
[Fri, 29 Mar 2013 22:43:22 GMT] INFO Creating 1 worker process.
[Fri, 29 Mar 2013 22:43:22 GMT] INFO Server worker running in development on port 4000 with a PID of: 16016
[Fri, 29 Mar 2013 22:45:27 GMT] INFO Code changed, killing 16016, cycling ...
[Fri, 29 Mar 2013 22:45:27 GMT] INFO Creating 1 worker process.
[Fri, 29 Mar 2013 22:46:47 GMT] INFO Creating 1 worker process.
